[2023-06-26 03:21:20] [ INFO ] [PatientService:25] We have received your request. Please wait.
[2023-06-26 03:21:20] [ INFO ] [PatientService:27] Order completed. We are sending the result.
[2023-06-26 03:21:20] [ INFO ] [PatientService:32] We have received your request. Please wait.
[2023-06-26 03:21:20] [ INFO ] [PatientService:37] We have received your request. Please wait.
[2023-06-26 03:21:21] [ INFO ] [PatientService:25] We have received your request. Please wait.
[2023-06-26 03:21:21] [ INFO ] [PatientService:27] Order completed. We are sending the result.
[2023-06-26 03:21:21] [ INFO ] [PatientService:42] We have received your request. Please wait.
[2023-06-26 03:21:21] [ INFO ] [PatientService:44] Order completed. We are sending the result.
[2023-06-26 03:21:21] [ INFO ] [PatientService:32] We have received your request. Please wait.
[2023-06-26 03:21:21] [ INFO ] [PatientService:48] We have received your request. Please wait.
[2023-06-26 03:21:21] [ INFO ] [PatientService:50] Order completed. We are sending the result.
[2023-06-26 03:21:21] [ INFO ] [PatientService:32] We have received your request. Please wait.
[2023-06-26 03:21:21] [ INFO ] [DentistService:26] We have received your request. Please wait.
[2023-06-26 03:21:21] [ INFO ] [DentistService:28] Order completed. We are sending the result.
[2023-06-26 03:21:21] [ INFO ] [DentistService:33] We have received your request. Please wait.
[2023-06-26 03:21:21] [ INFO ] [DentistService:38] We have received your request. Please wait.
[2023-06-26 03:21:21] [ INFO ] [DentistService:26] We have received your request. Please wait.
[2023-06-26 03:21:21] [ INFO ] [DentistService:28] Order completed. We are sending the result.
[2023-06-26 03:21:21] [ INFO ] [DentistService:43] We have received your request. Please wait.
[2023-06-26 03:21:21] [ INFO ] [DentistService:45] Order completed. We are sending the result.
[2023-06-26 03:21:21] [ INFO ] [DentistService:33] We have received your request. Please wait.
[2023-06-26 03:21:21] [ INFO ] [DentistService:48] We have received your request. Please wait.
[2023-06-26 03:21:21] [ INFO ] [DentistService:50] Order completed. We are sending the result.
[2023-06-26 03:21:21] [ INFO ] [DentistService:33] We have received your request. Please wait.
[2023-06-26 03:21:21] [ INFO ] [PatientService:25] We have received your request. Please wait.
[2023-06-26 03:21:21] [ INFO ] [PatientService:27] Order completed. We are sending the result.
[2023-06-26 03:21:21] [ INFO ] [DentistService:26] We have received your request. Please wait.
[2023-06-26 03:21:21] [ INFO ] [DentistService:28] Order completed. We are sending the result.
[2023-06-26 03:21:21] [ INFO ] [AppointmentService:30] You are trying to add an Appointment with appointment date: 2023-06-27.
[2023-06-26 03:21:21] [ INFO ] [AppointmentService:33] Order completed. We are sending the result.
[2023-06-26 03:21:21] [ INFO ] [AppointmentService:39] We have received your request. Please wait.
[2023-06-26 03:21:21] [ INFO ] [AppointmentService:47] We have received your request. Please wait.
[2023-06-26 03:21:21] [ INFO ] [PatientService:25] We have received your request. Please wait.
[2023-06-26 03:21:21] [ INFO ] [PatientService:27] Order completed. We are sending the result.
[2023-06-26 03:21:21] [ INFO ] [DentistService:26] We have received your request. Please wait.
[2023-06-26 03:21:21] [ INFO ] [DentistService:28] Order completed. We are sending the result.
[2023-06-26 03:21:21] [ INFO ] [AppointmentService:30] You are trying to add an Appointment with appointment date: 2000-02-01.
[2023-06-26 03:21:21] [ INFO ] [AppointmentService:33] Order completed. We are sending the result.
[2023-06-26 03:21:21] [ INFO ] [AppointmentService:57] We have received your request. Please wait.
[2023-06-26 03:21:21] [ INFO ] [AppointmentService:60] Order completed. We are sending the result.
[2023-06-26 03:21:21] [ INFO ] [AppointmentService:39] We have received your request. Please wait.
[2023-06-26 03:21:21] [ INFO ] [AppointmentService:64] We have received your request. Please wait.
[2023-06-26 03:21:21] [ INFO ] [AppointmentService:66] Order completed. We are sending the result.
[2023-06-26 03:21:21] [ INFO ] [AppointmentService:39] We have received your request. Please wait.
[2023-06-26 03:30:32] [ INFO ] [AppointmentService:47] We have received your request. Please wait.
[2023-06-26 03:32:02] [ INFO ] [AppointmentService:47] We have received your request. Please wait.
[2023-06-26 03:34:36] [ INFO ] [AppointmentService:47] We have received your request. Please wait.
[2023-06-26 03:44:11] [ INFO ] [AppointmentService:47] We have received your request. Please wait.
[2023-06-26 03:47:02] [ INFO ] [AppointmentService:47] We have received your request. Please wait.
[2023-06-26 03:48:14] [ INFO ] [PatientService:25] We have received your request. Please wait.
[2023-06-26 03:48:14] [ INFO ] [PatientService:27] Order completed. We are sending the result.
[2023-06-26 03:48:14] [ INFO ] [PatientService:32] We have received your request. Please wait.
[2023-06-26 03:48:14] [ INFO ] [PatientService:37] We have received your request. Please wait.
[2023-06-26 03:48:15] [ INFO ] [PatientService:25] We have received your request. Please wait.
[2023-06-26 03:48:15] [ INFO ] [PatientService:27] Order completed. We are sending the result.
[2023-06-26 03:48:15] [ INFO ] [PatientService:42] We have received your request. Please wait.
[2023-06-26 03:48:15] [ INFO ] [PatientService:44] Order completed. We are sending the result.
[2023-06-26 03:48:15] [ INFO ] [PatientService:32] We have received your request. Please wait.
[2023-06-26 03:48:15] [ INFO ] [PatientService:48] We have received your request. Please wait.
[2023-06-26 03:48:15] [ INFO ] [PatientService:50] Order completed. We are sending the result.
[2023-06-26 03:48:15] [ INFO ] [PatientService:32] We have received your request. Please wait.
[2023-06-26 03:48:15] [ INFO ] [DentistService:26] We have received your request. Please wait.
[2023-06-26 03:48:15] [ INFO ] [DentistService:28] Order completed. We are sending the result.
[2023-06-26 03:48:15] [ INFO ] [DentistService:33] We have received your request. Please wait.
[2023-06-26 03:48:15] [ INFO ] [DentistService:38] We have received your request. Please wait.
[2023-06-26 03:48:15] [ INFO ] [DentistService:26] We have received your request. Please wait.
[2023-06-26 03:48:15] [ INFO ] [DentistService:28] Order completed. We are sending the result.
[2023-06-26 03:48:15] [ INFO ] [DentistService:43] We have received your request. Please wait.
[2023-06-26 03:48:15] [ INFO ] [DentistService:45] Order completed. We are sending the result.
[2023-06-26 03:48:15] [ INFO ] [DentistService:33] We have received your request. Please wait.
[2023-06-26 03:48:15] [ INFO ] [DentistService:48] We have received your request. Please wait.
[2023-06-26 03:48:15] [ INFO ] [DentistService:50] Order completed. We are sending the result.
[2023-06-26 03:48:15] [ INFO ] [DentistService:33] We have received your request. Please wait.
[2023-06-26 03:48:15] [ INFO ] [PatientService:25] We have received your request. Please wait.
[2023-06-26 03:48:15] [ INFO ] [PatientService:27] Order completed. We are sending the result.
[2023-06-26 03:48:15] [ INFO ] [DentistService:26] We have received your request. Please wait.
[2023-06-26 03:48:15] [ INFO ] [DentistService:28] Order completed. We are sending the result.
[2023-06-26 03:48:15] [ INFO ] [AppointmentService:30] You are trying to add an Appointment with appointment date: 2023-06-26.
[2023-06-26 03:48:15] [ INFO ] [AppointmentService:33] Order completed. We are sending the result.
[2023-06-26 03:48:15] [ INFO ] [AppointmentService:39] We have received your request. Please wait.
[2023-06-26 03:48:15] [ INFO ] [AppointmentService:47] We have received your request. Please wait.
[2023-06-26 03:48:15] [ INFO ] [PatientService:25] We have received your request. Please wait.
[2023-06-26 03:48:15] [ INFO ] [PatientService:27] Order completed. We are sending the result.
[2023-06-26 03:48:15] [ INFO ] [DentistService:26] We have received your request. Please wait.
[2023-06-26 03:48:15] [ INFO ] [DentistService:28] Order completed. We are sending the result.
[2023-06-26 03:48:15] [ INFO ] [AppointmentService:30] You are trying to add an Appointment with appointment date: 2000-02-01.
[2023-06-26 03:48:15] [ INFO ] [AppointmentService:33] Order completed. We are sending the result.
[2023-06-26 03:48:15] [ INFO ] [AppointmentService:57] We have received your request. Please wait.
[2023-06-26 03:48:15] [ INFO ] [AppointmentService:60] Order completed. We are sending the result.
[2023-06-26 03:48:15] [ INFO ] [AppointmentService:39] We have received your request. Please wait.
[2023-06-26 03:48:15] [ INFO ] [AppointmentService:64] We have received your request. Please wait.
[2023-06-26 03:48:15] [ INFO ] [AppointmentService:66] Order completed. We are sending the result.
[2023-06-26 03:48:15] [ INFO ] [AppointmentService:39] We have received your request. Please wait.
[2023-06-26 03:48:51] [ INFO ] [AppointmentService:47] We have received your request. Please wait.
